<?xml version="1.0" encoding="UTF-8"?>
<!-- Generated by org.testng.reporters.JUnitReportReporter -->
<testsuite hostname="Prasad" failures="0" tests="7" name="Testng.CreateCustomer" time="32.396" errors="0" timestamp="2023-10-16T16:47:00 IST" skipped="0">
  <testcase classname="Testng.CreateCustomer" name="deletecustomer" time="4.662">
    <system-out>
      <![CDATA[customer deleted]]>
    </system-out>
  </testcase> <!-- deletecustomer -->
  <testcase classname="Testng.CreateCustomer" name="modifycustomer" time="4.402">
    <system-out>
      <![CDATA[customer modified]]>
    </system-out>
  </testcase> <!-- modifycustomer -->
  <testcase classname="Testng.CreateCustomer" name="create" time="4.307">
    <system-out>
      <![CDATA[customer created]]>
    </system-out>
  </testcase> <!-- create -->
  <testcase classname="Testng.CreateCustomer" name="create" time="4.904">
    <system-out>
      <![CDATA[customer created]]>
    </system-out>
  </testcase> <!-- create -->
  <testcase classname="Testng.CreateCustomer" name="create" time="4.487">
    <system-out>
      <![CDATA[customer created]]>
    </system-out>
  </testcase> <!-- create -->
  <testcase classname="Testng.CreateCustomer" name="create" time="4.816">
    <system-out>
      <![CDATA[customer created]]>
    </system-out>
  </testcase> <!-- create -->
  <testcase classname="Testng.CreateCustomer" name="create" time="4.818">
    <system-out>
      <![CDATA[customer created]]>
    </system-out>
  </testcase> <!-- create -->
  <system-out>
    <![CDATA[database connection
loggin succesfully
customer deleted
logged out succesfully
loggin succesfully
customer modified
logged out succesfully
loggin succesfully
customer created
logged out succesfully
loggin succesfully
customer created
logged out succesfully
loggin succesfully
customer created
logged out succesfully
loggin succesfully
customer created
logged out succesfully
loggin succesfully
customer created
logged out succesfully
browser closed succesfully
database disconnected]]>
  </system-out>
</testsuite> <!-- Testng.CreateCustomer -->
