<?xml version="1.0" encoding="UTF-8"?>
<!-- Generated by org.testng.reporters.JUnitReportReporter -->
<testsuite hostname="Prasad" failures="0" tests="1" name="Testng.Screenshot" time="14.733" errors="0" timestamp="2023-10-18T14:11:31 IST" skipped="0">
  <testcase classname="Testng.Screenshot" name="getScreenshot" time="14.733"/>
</testsuite> <!-- Testng.Screenshot -->
