<?xml version="1.0" encoding="UTF-8"?>
<!-- Generated by org.testng.reporters.JUnitReportReporter -->
<testsuite hostname="Prasad" failures="0" tests="7" name="Testng.ModifyCustomer" time="0.007" errors="0" timestamp="2023-10-13T14:57:09 IST" skipped="0">
  <testcase classname="Testng.ModifyCustomer" name="modify" time="0.001">
    <system-out>
      <![CDATA[modified customer]]>
    </system-out>
  </testcase> <!-- modify -->
  <testcase classname="Testng.ModifyCustomer" name="delete" time="0.001">
    <system-out>
      <![CDATA[deleted customer]]>
    </system-out>
  </testcase> <!-- delete -->
  <testcase classname="Testng.ModifyCustomer" name="create" time="0.001">
    <system-out>
      <![CDATA[customer created]]>
    </system-out>
  </testcase> <!-- create -->
  <testcase classname="Testng.ModifyCustomer" name="modify" time="0.000">
    <system-out>
      <![CDATA[modified customer]]>
    </system-out>
  </testcase> <!-- modify -->
  <testcase classname="Testng.ModifyCustomer" name="modify" time="0.001">
    <system-out>
      <![CDATA[modified customer]]>
    </system-out>
  </testcase> <!-- modify -->
  <testcase classname="Testng.ModifyCustomer" name="modify" time="0.001">
    <system-out>
      <![CDATA[modified customer]]>
    </system-out>
  </testcase> <!-- modify -->
  <testcase classname="Testng.ModifyCustomer" name="modify" time="0.002">
    <system-out>
      <![CDATA[modified customer]]>
    </system-out>
  </testcase> <!-- modify -->
  <system-out>
    <![CDATA[customer created
deleted customer
modified customer
modified customer
modified customer
modified customer
modified customer
customer created
deleted customer
modified customer
modified customer
modified customer
modified customer
modified customer
customer created
deleted customer
modified customer
modified customer
modified customer
modified customer
modified customer]]>
  </system-out>
</testsuite> <!-- Testng.ModifyCustomer -->
