<?xml version="1.0" encoding="UTF-8"?>
<!-- Generated by org.testng.reporters.JUnitReportReporter -->
<testsuite hostname="Prasad" failures="0" tests="1" name="DemoAseertion" time="9.968" errors="0" timestamp="2023-10-17T16:35:14 IST" skipped="0">
  <testcase classname="DemoAseertion" name="titleComparison" time="9.968"/>
</testsuite> <!-- DemoAseertion -->
