<?xml version="1.0" encoding="UTF-8"?>
<!-- Generated by org.testng.reporters.JUnitReportReporter -->
<testsuite hostname="Prasad" failures="0" tests="1" name="Testng.Annotations" time="0.005" errors="0" timestamp="2023-10-16T15:56:48 IST" skipped="0">
  <testcase classname="Testng.Annotations" name="createCustomer" time="0.005">
    <system-out>
      <![CDATA[create customer]]>
    </system-out>
  </testcase> <!-- createCustomer -->
  <system-out>
    <![CDATA[database connected
browser launched
login succesfully
create customer
logged out succesfully
browser closed
database Disconnected]]>
  </system-out>
</testsuite> <!-- Testng.Annotations -->
